<?xml version="1.0" encoding="utf-8"?><testsuites name="pytest tests"><testsuite name="pytest" errors="0" failures="0" skipped="0" tests="9" time="8.896" timestamp="2026-09-12T05:40:30.160451+00:00" hostname="agent-env-ae3b8df7-6c89-4970-9706-ec5e4a3d4041"><testcase classname="tests.test_iteration4" name="test_ocr_accepts_png_image" time="8.357" /><testcase classname="tests.test_iteration4" name="test_afm_lookup_demo_valid" time="0.018" /><testcase classname="tests.test_iteration4" name="test_afm_lookup_invalid_modulo11" time="0.018" /><testcase classname="tests.test_iteration4" name="test_mydata_sync_cron_unauthorized_without_bearer" time="0.015" /><testcase classname="tests.test_iteration4" name="test_mydata_sync_cron_post" time="0.012" /><testcase classname="tests.test_iteration4" name="test_mydata_sync_cron_get" time="0.012" /><testcase classname="tests.test_iteration4" name="test_send_dunning_email_file_exists_and_exports" time="0.000" /><testcase classname="tests.test_iteration4" name="test_dunning_ai_button_wired" time="0.000" /><testcase classname="tests.test_iteration4" name="test_crons_yml" time="0.000" /></testsuite></testsuites>